<?xml version="1.0" encoding="UTF-8"?>
<!-- Generated by org.testng.reporters.JUnitXMLReporter -->
<testsuite ignored="0" hostname="DESKTOP-HI8LG7N" failures="0" tests="3" name="Default test" time="5.037" errors="0" timestamp="2022-10-05T12:16:46 IST">
  <testcase classname="test.PutPatchDelete" name="delete" time="3.214"/>
  <testcase classname="test.PutPatchDelete" name="patch" time="1.038"/>
  <testcase classname="test.PutPatchDelete" name="put" time="0.711"/>
</testsuite> <!-- Default test -->
