<?xml version="1.0" encoding="UTF-8"?>
<testng-results ignored="0" total="3" passed="3" failed="0" skipped="0">
  <reporter-output>
  </reporter-output>
  <suite started-at="2022-10-05T12:16:41 IST" name="Default suite" finished-at="2022-10-05T12:16:46 IST" duration-ms="5037">
    <groups>
    </groups>
    <test started-at="2022-10-05T12:16:41 IST" name="Default test" finished-at="2022-10-05T12:16:46 IST" duration-ms="5037">
      <class name="test.PutPatchDelete">
        <test-method signature="delete()[pri:0, instance:test.PutPatchDelete@7e5afaa6]" started-at="2022-10-05T12:16:41 IST" name="delete" finished-at="2022-10-05T12:16:44 IST" duration-ms="3214" status="PASS">
          <reporter-output>
          </reporter-output>
        </test-method> <!-- delete -->
        <test-method signature="patch()[pri:0, instance:test.PutPatchDelete@7e5afaa6]" started-at="2022-10-05T12:16:44 IST" name="patch" finished-at="2022-10-05T12:16:45 IST" duration-ms="1038" status="PASS">
          <reporter-output>
          </reporter-output>
        </test-method> <!-- patch -->
        <test-method signature="put()[pri:0, instance:test.PutPatchDelete@7e5afaa6]" started-at="2022-10-05T12:16:45 IST" name="put" finished-at="2022-10-05T12:16:46 IST" duration-ms="711" status="PASS">
          <reporter-output>
          </reporter-output>
        </test-method> <!-- put -->
      </class> <!-- test.PutPatchDelete -->
    </test> <!-- Default test -->
  </suite> <!-- Default suite -->
</testng-results>
